Running in verbose mode

-----------------------------------------------------------------
  pg_upgrade run on Thu Jan  3 15:36:33 2019
-----------------------------------------------------------------

Performing Consistency Checks
-----------------------------
Checking cluster versions                                   ok
The source cluster was not shut down cleanly.

-----------------------------------------------------------------
  pg_upgrade run on Thu Jan  3 15:48:00 2019
-----------------------------------------------------------------

Performing Consistency Checks
-----------------------------
Checking cluster versions                                   ok
The source cluster was not shut down cleanly.

-----------------------------------------------------------------
  pg_upgrade run on Thu Jan  3 15:51:28 2019
-----------------------------------------------------------------

Performing Consistency Checks
-----------------------------
Checking cluster versions                                   ok
The source cluster was not shut down cleanly.

-----------------------------------------------------------------
  pg_upgrade run on Thu Jan  3 15:52:57 2019
-----------------------------------------------------------------

Performing Consistency Checks
-----------------------------
Checking cluster versions                                   ok
The source cluster was not shut down cleanly.

-----------------------------------------------------------------
  pg_upgrade run on Thu Jan  3 15:56:21 2019
-----------------------------------------------------------------

You must identify the directory where the old cluster binaries reside.
Please use the -b command-line option or the PGBINOLD environment variable.

-----------------------------------------------------------------
  pg_upgrade run on Thu Jan  3 15:59:14 2019
-----------------------------------------------------------------

Performing Consistency Checks
-----------------------------
Checking cluster versions                                   ok
The source cluster was not shut down cleanly.

-----------------------------------------------------------------
  pg_upgrade run on Thu Jan  3 16:15:31 2019
-----------------------------------------------------------------

There seems to be a postmaster servicing the new cluster.
Please shutdown that postmaster and try again.
